<?xml version="1.0" encoding="UTF-8"?>
<TestRun id="45748b9d-2c2f-47f8-b712-6c09171087be" name="Administrator@MSSQLSERVER46 2021-06-08 22:57:18" runUser="MSSQLSERVER46\Administrator" xmlns="http://microsoft.com/schemas/VisualStudio/TeamTest/2006">
  <TestRunConfiguration name="Local Test Run" id="bd454a8c-6d30-410a-8ddd-a96b5ebeade3">
    <Description>This is a default test run configuration for a local test run.</Description>
    <Deployment runDeploymentRoot="C:\Users\Administrator\Desktop\projektBD\TypyDanychPrzestrzennych\TestResults\Administrator_MSSQLSERVER46 2021-06-08 22_57_18" />
    <TestTypeSpecific />
  </TestRunConfiguration>
  <ResultSummary outcome="Completed">
    <Counters total="5" executed="5" passed="5" error="0" failed="0" timeout="0" aborted="0" inconclusive="0" passedButRunAborted="0" notRunnable="0" notExecuted="0" disconnected="0" warning="0" completed="0" inProgress="0" pending="0" />
  </ResultSummary>
  <Times creation="2021-06-08T22:57:18.6260000+02:00" queuing="2021-06-08T22:57:20.1890000+02:00" start="2021-06-08T22:57:20.5790000+02:00" finish="2021-06-08T22:57:21.2830000+02:00" />
  <TestDefinitions>
    <UnitTest name="TestPointGetY" storage="c:\users\administrator\desktop\projektbd\typydanychprzestrzennych\unittests\bin\debug\unittests.dll" id="de6c7280-5b6d-7a64-dac2-7af45f52d9fc">
      <Css projectStructure="" iteration="" />
      <Owners>
        <Owner name="" />
      </Owners>
      <Execution id="62f38cbf-7c7b-43c5-9447-c05960cee6eb" />
      <TestMethod codeBase="C:\Users\Administrator\Desktop\projektBD\TypyDanychPrzestrzennych\UnitTests\bin\Debug\UnitTests.dll" adapterTypeName="Microsoft.VisualStudio.TestTools.TestTypes.Unit.UnitTestAdapter, Microsoft.VisualStudio.QualityTools.Tips.UnitTest.Adapter, Version=9.0.0.0, Culture=neutral, PublicKeyToken=b03f5f7f11d50a3a" className="UnitTests.UnitTestPoint, UnitTests" name="TestPointGetY" />
    </UnitTest>
    <UnitTest name="TestPointGetX" storage="c:\users\administrator\desktop\projektbd\typydanychprzestrzennych\unittests\bin\debug\unittests.dll" id="a67a157d-fb04-f7be-6367-f7f83c362978">
      <Css projectStructure="" iteration="" />
      <Owners>
        <Owner name="" />
      </Owners>
      <Execution id="a79241e2-2a6c-4974-b223-1a1d268dda8e" />
      <TestMethod codeBase="C:\Users\Administrator\Desktop\projektBD\TypyDanychPrzestrzennych\UnitTests\bin\Debug\UnitTests.dll" adapterTypeName="Microsoft.VisualStudio.TestTools.TestTypes.Unit.UnitTestAdapter, Microsoft.VisualStudio.QualityTools.Tips.UnitTest.Adapter, Version=9.0.0.0, Culture=neutral, PublicKeyToken=b03f5f7f11d50a3a" className="UnitTests.UnitTestPoint, UnitTests" name="TestPointGetX" />
    </UnitTest>
    <UnitTest name="TestPointDistance" storage="c:\users\administrator\desktop\projektbd\typydanychprzestrzennych\unittests\bin\debug\unittests.dll" id="5a6ad1c4-6a93-c6bb-f18e-1cd266c6467a">
      <Css projectStructure="" iteration="" />
      <Owners>
        <Owner name="" />
      </Owners>
      <Execution id="1cf756d0-403f-4bdb-abe9-7befa723bffc" />
      <TestMethod codeBase="C:\Users\Administrator\Desktop\projektBD\TypyDanychPrzestrzennych\UnitTests\bin\Debug\UnitTests.dll" adapterTypeName="Microsoft.VisualStudio.TestTools.TestTypes.Unit.UnitTestAdapter, Microsoft.VisualStudio.QualityTools.Tips.UnitTest.Adapter, Version=9.0.0.0, Culture=neutral, PublicKeyToken=b03f5f7f11d50a3a" className="UnitTests.UnitTestPoint, UnitTests" name="TestPointDistance" />
    </UnitTest>
    <UnitTest name="TestPolygonToString" storage="c:\users\administrator\desktop\projektbd\typydanychprzestrzennych\unittests\bin\debug\unittests.dll" id="19dab8ac-d837-b5f3-eaaa-777f86efc55b">
      <Css projectStructure="" iteration="" />
      <Owners>
        <Owner name="" />
      </Owners>
      <Execution id="5d178ea9-9b7f-440b-90d5-d10cd1d8d073" />
      <TestMethod codeBase="C:\Users\Administrator\Desktop\projektBD\TypyDanychPrzestrzennych\UnitTests\bin\Debug\UnitTests.dll" adapterTypeName="Microsoft.VisualStudio.TestTools.TestTypes.Unit.UnitTestAdapter, Microsoft.VisualStudio.QualityTools.Tips.UnitTest.Adapter, Version=9.0.0.0, Culture=neutral, PublicKeyToken=b03f5f7f11d50a3a" className="UnitTests.UnitTestPolygon, UnitTests" name="TestPolygonToString" />
    </UnitTest>
    <UnitTest name="TestPointToString" storage="c:\users\administrator\desktop\projektbd\typydanychprzestrzennych\unittests\bin\debug\unittests.dll" id="dd4ae2ec-a044-751d-9d5f-cfcd08988655">
      <Css projectStructure="" iteration="" />
      <Owners>
        <Owner name="" />
      </Owners>
      <Execution id="f813a593-7a20-49a1-ae25-fa6a1263667d" />
      <TestMethod codeBase="C:\Users\Administrator\Desktop\projektBD\TypyDanychPrzestrzennych\UnitTests\bin\Debug\UnitTests.dll" adapterTypeName="Microsoft.VisualStudio.TestTools.TestTypes.Unit.UnitTestAdapter, Microsoft.VisualStudio.QualityTools.Tips.UnitTest.Adapter, Version=9.0.0.0, Culture=neutral, PublicKeyToken=b03f5f7f11d50a3a" className="UnitTests.UnitTestPoint, UnitTests" name="TestPointToString" />
    </UnitTest>
  </TestDefinitions>
  <TestLists>
    <TestList name="Results Not in a List" id="8c84fa94-04c1-424b-9868-57a2d4851a1d" />
    <TestList name="All Loaded Results" id="19431567-8539-422a-85d7-44ee4e166bda" />
  </TestLists>
  <TestEntries>
    <TestEntry testId="19dab8ac-d837-b5f3-eaaa-777f86efc55b" executionId="5d178ea9-9b7f-440b-90d5-d10cd1d8d073" testListId="8c84fa94-04c1-424b-9868-57a2d4851a1d" />
    <TestEntry testId="5a6ad1c4-6a93-c6bb-f18e-1cd266c6467a" executionId="1cf756d0-403f-4bdb-abe9-7befa723bffc" testListId="8c84fa94-04c1-424b-9868-57a2d4851a1d" />
    <TestEntry testId="a67a157d-fb04-f7be-6367-f7f83c362978" executionId="a79241e2-2a6c-4974-b223-1a1d268dda8e" testListId="8c84fa94-04c1-424b-9868-57a2d4851a1d" />
    <TestEntry testId="dd4ae2ec-a044-751d-9d5f-cfcd08988655" executionId="f813a593-7a20-49a1-ae25-fa6a1263667d" testListId="8c84fa94-04c1-424b-9868-57a2d4851a1d" />
    <TestEntry testId="de6c7280-5b6d-7a64-dac2-7af45f52d9fc" executionId="62f38cbf-7c7b-43c5-9447-c05960cee6eb" testListId="8c84fa94-04c1-424b-9868-57a2d4851a1d" />
  </TestEntries>
  <Results>
    <UnitTestResult executionId="5d178ea9-9b7f-440b-90d5-d10cd1d8d073" testId="19dab8ac-d837-b5f3-eaaa-777f86efc55b" testName="TestPolygonToString" computerName="MSSQLSERVER46" duration="00:00:00.0132683" startTime="2021-06-08T22:57:20.6670000+02:00" endTime="2021-06-08T22:57:21.0440000+02:00" testType="13cdc9d9-ddb5-4fa4-a97d-d965ccfc6d4b" outcome="Passed" testListId="8c84fa94-04c1-424b-9868-57a2d4851a1d">
      <Output>
      </Output>
    </UnitTestResult>
    <UnitTestResult executionId="1cf756d0-403f-4bdb-abe9-7befa723bffc" testId="5a6ad1c4-6a93-c6bb-f18e-1cd266c6467a" testName="TestPointDistance" computerName="MSSQLSERVER46" duration="00:00:00.0029270" startTime="2021-06-08T22:57:21.0490000+02:00" endTime="2021-06-08T22:57:21.0610000+02:00" testType="13cdc9d9-ddb5-4fa4-a97d-d965ccfc6d4b" outcome="Passed" testListId="8c84fa94-04c1-424b-9868-57a2d4851a1d">
      <Output>
      </Output>
    </UnitTestResult>
    <UnitTestResult executionId="a79241e2-2a6c-4974-b223-1a1d268dda8e" testId="a67a157d-fb04-f7be-6367-f7f83c362978" testName="TestPointGetX" computerName="MSSQLSERVER46" duration="00:00:00.0033377" startTime="2021-06-08T22:57:21.0630000+02:00" endTime="2021-06-08T22:57:21.0690000+02:00" testType="13cdc9d9-ddb5-4fa4-a97d-d965ccfc6d4b" outcome="Passed" testListId="8c84fa94-04c1-424b-9868-57a2d4851a1d">
      <Output>
      </Output>
    </UnitTestResult>
    <UnitTestResult executionId="f813a593-7a20-49a1-ae25-fa6a1263667d" testId="dd4ae2ec-a044-751d-9d5f-cfcd08988655" testName="TestPointToString" computerName="MSSQLSERVER46" duration="00:00:00.0027964" startTime="2021-06-08T22:57:21.0720000+02:00" endTime="2021-06-08T22:57:21.0780000+02:00" testType="13cdc9d9-ddb5-4fa4-a97d-d965ccfc6d4b" outcome="Passed" testListId="8c84fa94-04c1-424b-9868-57a2d4851a1d">
      <Output>
      </Output>
    </UnitTestResult>
    <UnitTestResult executionId="62f38cbf-7c7b-43c5-9447-c05960cee6eb" testId="de6c7280-5b6d-7a64-dac2-7af45f52d9fc" testName="TestPointGetY" computerName="MSSQLSERVER46" duration="00:00:00.0028015" startTime="2021-06-08T22:57:21.0800000+02:00" endTime="2021-06-08T22:57:21.0860000+02:00" testType="13cdc9d9-ddb5-4fa4-a97d-d965ccfc6d4b" outcome="Passed" testListId="8c84fa94-04c1-424b-9868-57a2d4851a1d">
      <Output>
      </Output>
    </UnitTestResult>
  </Results>
</TestRun>