<?xml version="1.0" encoding="UTF-8"?>
<TestRun id="5c26931a-47cf-4379-a21e-69d1fbc9bfd7" name="Administrator@MSSQLSERVER46 2021-06-08 23:07:39" runUser="MSSQLSERVER46\Administrator" xmlns="http://microsoft.com/schemas/VisualStudio/TeamTest/2006">
  <TestRunConfiguration name="Local Test Run" id="bd454a8c-6d30-410a-8ddd-a96b5ebeade3">
    <Description>This is a default test run configuration for a local test run.</Description>
    <Deployment runDeploymentRoot="C:\Users\Administrator\Desktop\projektBD\TypyDanychPrzestrzennych\TestResults\Administrator_MSSQLSERVER46 2021-06-08 23_07_39" />
    <TestTypeSpecific />
  </TestRunConfiguration>
  <ResultSummary outcome="Completed">
    <Counters total="7" executed="7" passed="7" error="0" failed="0" timeout="0" aborted="0" inconclusive="0" passedButRunAborted="0" notRunnable="0" notExecuted="0" disconnected="0" warning="0" completed="0" inProgress="0" pending="0" />
  </ResultSummary>
  <Times creation="2021-06-08T23:07:39.1780000+02:00" queuing="2021-06-08T23:07:39.6540000+02:00" start="2021-06-08T23:07:39.7770000+02:00" finish="2021-06-08T23:07:40.2990000+02:00" />
  <TestDefinitions>
    <UnitTest name="TestPointGetY" storage="c:\users\administrator\desktop\projektbd\typydanychprzestrzennych\unittests\bin\debug\unittests.dll" id="de6c7280-5b6d-7a64-dac2-7af45f52d9fc">
      <Css projectStructure="" iteration="" />
      <Owners>
        <Owner name="" />
      </Owners>
      <Execution id="833d58af-9f2a-4263-bb61-72bd022b9986" />
      <TestMethod codeBase="C:\Users\Administrator\Desktop\projektBD\TypyDanychPrzestrzennych\UnitTests\bin\Debug\UnitTests.dll" adapterTypeName="Microsoft.VisualStudio.TestTools.TestTypes.Unit.UnitTestAdapter, Microsoft.VisualStudio.QualityTools.Tips.UnitTest.Adapter, Version=9.0.0.0, Culture=neutral, PublicKeyToken=b03f5f7f11d50a3a" className="UnitTests.UnitTestPoint, UnitTests" name="TestPointGetY" />
    </UnitTest>
    <UnitTest name="TestPointGetX" storage="c:\users\administrator\desktop\projektbd\typydanychprzestrzennych\unittests\bin\debug\unittests.dll" id="a67a157d-fb04-f7be-6367-f7f83c362978">
      <Css projectStructure="" iteration="" />
      <Owners>
        <Owner name="" />
      </Owners>
      <Execution id="8aeafc86-892a-43d2-829a-e9b34c2a8f2d" />
      <TestMethod codeBase="C:\Users\Administrator\Desktop\projektBD\TypyDanychPrzestrzennych\UnitTests\bin\Debug\UnitTests.dll" adapterTypeName="Microsoft.VisualStudio.TestTools.TestTypes.Unit.UnitTestAdapter, Microsoft.VisualStudio.QualityTools.Tips.UnitTest.Adapter, Version=9.0.0.0, Culture=neutral, PublicKeyToken=b03f5f7f11d50a3a" className="UnitTests.UnitTestPoint, UnitTests" name="TestPointGetX" />
    </UnitTest>
    <UnitTest name="TestPolygonToString" storage="c:\users\administrator\desktop\projektbd\typydanychprzestrzennych\unittests\bin\debug\unittests.dll" id="19dab8ac-d837-b5f3-eaaa-777f86efc55b">
      <Css projectStructure="" iteration="" />
      <Owners>
        <Owner name="" />
      </Owners>
      <Execution id="36ff11c5-517e-4700-a523-468905186fca" />
      <TestMethod codeBase="C:\Users\Administrator\Desktop\projektBD\TypyDanychPrzestrzennych\UnitTests\bin\Debug\UnitTests.dll" adapterTypeName="Microsoft.VisualStudio.TestTools.TestTypes.Unit.UnitTestAdapter, Microsoft.VisualStudio.QualityTools.Tips.UnitTest.Adapter, Version=9.0.0.0, Culture=neutral, PublicKeyToken=b03f5f7f11d50a3a" className="UnitTests.UnitTestPolygon, UnitTests" name="TestPolygonToString" />
    </UnitTest>
    <UnitTest name="TestPolygonArea" storage="c:\users\administrator\desktop\projektbd\typydanychprzestrzennych\unittests\bin\debug\unittests.dll" id="1769bc11-4ce2-d2ae-fc39-a013ace3f943">
      <Css projectStructure="" iteration="" />
      <Owners>
        <Owner name="" />
      </Owners>
      <Execution id="dca026af-4af6-4a0c-b583-d39ae5e738f0" />
      <TestMethod codeBase="C:\Users\Administrator\Desktop\projektBD\TypyDanychPrzestrzennych\UnitTests\bin\Debug\UnitTests.dll" adapterTypeName="Microsoft.VisualStudio.TestTools.TestTypes.Unit.UnitTestAdapter, Microsoft.VisualStudio.QualityTools.Tips.UnitTest.Adapter, Version=9.0.0.0, Culture=neutral, PublicKeyToken=b03f5f7f11d50a3a" className="UnitTests.UnitTestPolygon, UnitTests" name="TestPolygonArea" />
    </UnitTest>
    <UnitTest name="TestPointDistance" storage="c:\users\administrator\desktop\projektbd\typydanychprzestrzennych\unittests\bin\debug\unittests.dll" id="5a6ad1c4-6a93-c6bb-f18e-1cd266c6467a">
      <Css projectStructure="" iteration="" />
      <Owners>
        <Owner name="" />
      </Owners>
      <Execution id="43f98028-0201-489c-9219-96f5e604139e" />
      <TestMethod codeBase="C:\Users\Administrator\Desktop\projektBD\TypyDanychPrzestrzennych\UnitTests\bin\Debug\UnitTests.dll" adapterTypeName="Microsoft.VisualStudio.TestTools.TestTypes.Unit.UnitTestAdapter, Microsoft.VisualStudio.QualityTools.Tips.UnitTest.Adapter, Version=9.0.0.0, Culture=neutral, PublicKeyToken=b03f5f7f11d50a3a" className="UnitTests.UnitTestPoint, UnitTests" name="TestPointDistance" />
    </UnitTest>
    <UnitTest name="TestPointInsidePolygonTrue" storage="c:\users\administrator\desktop\projektbd\typydanychprzestrzennych\unittests\bin\debug\unittests.dll" id="00ee6c24-019e-f7c7-a0bb-7fb92675091c">
      <Css projectStructure="" iteration="" />
      <Owners>
        <Owner name="" />
      </Owners>
      <Execution id="eb2fbddf-bbb3-4866-9a4b-daef49671e7c" />
      <TestMethod codeBase="C:\Users\Administrator\Desktop\projektBD\TypyDanychPrzestrzennych\UnitTests\bin\Debug\UnitTests.dll" adapterTypeName="Microsoft.VisualStudio.TestTools.TestTypes.Unit.UnitTestAdapter, Microsoft.VisualStudio.QualityTools.Tips.UnitTest.Adapter, Version=9.0.0.0, Culture=neutral, PublicKeyToken=b03f5f7f11d50a3a" className="UnitTests.UnitTestPolygon, UnitTests" name="TestPointInsidePolygonTrue" />
    </UnitTest>
    <UnitTest name="TestPointToString" storage="c:\users\administrator\desktop\projektbd\typydanychprzestrzennych\unittests\bin\debug\unittests.dll" id="dd4ae2ec-a044-751d-9d5f-cfcd08988655">
      <Css projectStructure="" iteration="" />
      <Owners>
        <Owner name="" />
      </Owners>
      <Execution id="220c675e-f41f-46c0-8e42-9d2dea5c2f15" />
      <TestMethod codeBase="C:\Users\Administrator\Desktop\projektBD\TypyDanychPrzestrzennych\UnitTests\bin\Debug\UnitTests.dll" adapterTypeName="Microsoft.VisualStudio.TestTools.TestTypes.Unit.UnitTestAdapter, Microsoft.VisualStudio.QualityTools.Tips.UnitTest.Adapter, Version=9.0.0.0, Culture=neutral, PublicKeyToken=b03f5f7f11d50a3a" className="UnitTests.UnitTestPoint, UnitTests" name="TestPointToString" />
    </UnitTest>
  </TestDefinitions>
  <TestLists>
    <TestList name="Results Not in a List" id="8c84fa94-04c1-424b-9868-57a2d4851a1d" />
    <TestList name="All Loaded Results" id="19431567-8539-422a-85d7-44ee4e166bda" />
  </TestLists>
  <TestEntries>
    <TestEntry testId="00ee6c24-019e-f7c7-a0bb-7fb92675091c" executionId="eb2fbddf-bbb3-4866-9a4b-daef49671e7c" testListId="8c84fa94-04c1-424b-9868-57a2d4851a1d" />
    <TestEntry testId="1769bc11-4ce2-d2ae-fc39-a013ace3f943" executionId="dca026af-4af6-4a0c-b583-d39ae5e738f0" testListId="8c84fa94-04c1-424b-9868-57a2d4851a1d" />
    <TestEntry testId="19dab8ac-d837-b5f3-eaaa-777f86efc55b" executionId="36ff11c5-517e-4700-a523-468905186fca" testListId="8c84fa94-04c1-424b-9868-57a2d4851a1d" />
    <TestEntry testId="5a6ad1c4-6a93-c6bb-f18e-1cd266c6467a" executionId="43f98028-0201-489c-9219-96f5e604139e" testListId="8c84fa94-04c1-424b-9868-57a2d4851a1d" />
    <TestEntry testId="a67a157d-fb04-f7be-6367-f7f83c362978" executionId="8aeafc86-892a-43d2-829a-e9b34c2a8f2d" testListId="8c84fa94-04c1-424b-9868-57a2d4851a1d" />
    <TestEntry testId="dd4ae2ec-a044-751d-9d5f-cfcd08988655" executionId="220c675e-f41f-46c0-8e42-9d2dea5c2f15" testListId="8c84fa94-04c1-424b-9868-57a2d4851a1d" />
    <TestEntry testId="de6c7280-5b6d-7a64-dac2-7af45f52d9fc" executionId="833d58af-9f2a-4263-bb61-72bd022b9986" testListId="8c84fa94-04c1-424b-9868-57a2d4851a1d" />
  </TestEntries>
  <Results>
    <UnitTestResult executionId="eb2fbddf-bbb3-4866-9a4b-daef49671e7c" testId="00ee6c24-019e-f7c7-a0bb-7fb92675091c" testName="TestPointInsidePolygonTrue" computerName="MSSQLSERVER46" duration="00:00:00.0039258" startTime="2021-06-08T23:07:39.8840000+02:00" endTime="2021-06-08T23:07:40.0720000+02:00" testType="13cdc9d9-ddb5-4fa4-a97d-d965ccfc6d4b" outcome="Passed" testListId="8c84fa94-04c1-424b-9868-57a2d4851a1d">
      <Output>
      </Output>
    </UnitTestResult>
    <UnitTestResult executionId="dca026af-4af6-4a0c-b583-d39ae5e738f0" testId="1769bc11-4ce2-d2ae-fc39-a013ace3f943" testName="TestPolygonArea" computerName="MSSQLSERVER46" duration="00:00:00.0021381" startTime="2021-06-08T23:07:40.0750000+02:00" endTime="2021-06-08T23:07:40.0800000+02:00" testType="13cdc9d9-ddb5-4fa4-a97d-d965ccfc6d4b" outcome="Passed" testListId="8c84fa94-04c1-424b-9868-57a2d4851a1d">
      <Output>
      </Output>
    </UnitTestResult>
    <UnitTestResult executionId="36ff11c5-517e-4700-a523-468905186fca" testId="19dab8ac-d837-b5f3-eaaa-777f86efc55b" testName="TestPolygonToString" computerName="MSSQLSERVER46" duration="00:00:00.0019898" startTime="2021-06-08T23:07:40.0830000+02:00" endTime="2021-06-08T23:07:40.0870000+02:00" testType="13cdc9d9-ddb5-4fa4-a97d-d965ccfc6d4b" outcome="Passed" testListId="8c84fa94-04c1-424b-9868-57a2d4851a1d">
      <Output>
      </Output>
    </UnitTestResult>
    <UnitTestResult executionId="43f98028-0201-489c-9219-96f5e604139e" testId="5a6ad1c4-6a93-c6bb-f18e-1cd266c6467a" testName="TestPointDistance" computerName="MSSQLSERVER46" duration="00:00:00.0025300" startTime="2021-06-08T23:07:40.0900000+02:00" endTime="2021-06-08T23:07:40.0990000+02:00" testType="13cdc9d9-ddb5-4fa4-a97d-d965ccfc6d4b" outcome="Passed" testListId="8c84fa94-04c1-424b-9868-57a2d4851a1d">
      <Output>
      </Output>
    </UnitTestResult>
    <UnitTestResult executionId="8aeafc86-892a-43d2-829a-e9b34c2a8f2d" testId="a67a157d-fb04-f7be-6367-f7f83c362978" testName="TestPointGetX" computerName="MSSQLSERVER46" duration="00:00:00.0018406" startTime="2021-06-08T23:07:40.1010000+02:00" endTime="2021-06-08T23:07:40.1050000+02:00" testType="13cdc9d9-ddb5-4fa4-a97d-d965ccfc6d4b" outcome="Passed" testListId="8c84fa94-04c1-424b-9868-57a2d4851a1d">
      <Output>
      </Output>
    </UnitTestResult>
    <UnitTestResult executionId="220c675e-f41f-46c0-8e42-9d2dea5c2f15" testId="dd4ae2ec-a044-751d-9d5f-cfcd08988655" testName="TestPointToString" computerName="MSSQLSERVER46" duration="00:00:00.0017901" startTime="2021-06-08T23:07:40.1080000+02:00" endTime="2021-06-08T23:07:40.1120000+02:00" testType="13cdc9d9-ddb5-4fa4-a97d-d965ccfc6d4b" outcome="Passed" testListId="8c84fa94-04c1-424b-9868-57a2d4851a1d">
      <Output>
      </Output>
    </UnitTestResult>
    <UnitTestResult executionId="833d58af-9f2a-4263-bb61-72bd022b9986" testId="de6c7280-5b6d-7a64-dac2-7af45f52d9fc" testName="TestPointGetY" computerName="MSSQLSERVER46" duration="00:00:00.0018322" startTime="2021-06-08T23:07:40.1150000+02:00" endTime="2021-06-08T23:07:40.1190000+02:00" testType="13cdc9d9-ddb5-4fa4-a97d-d965ccfc6d4b" outcome="Passed" testListId="8c84fa94-04c1-424b-9868-57a2d4851a1d">
      <Output>
      </Output>
    </UnitTestResult>
  </Results>
</TestRun>