<?xml version="1.0" encoding="UTF-8"?>
<TestRun id="ace5a0ce-8c4f-4725-b21f-eb24566b62f1" name="Administrator@MSSQLSERVER46 2021-06-10 20:57:18" runUser="MSSQLSERVER46\Administrator" xmlns="http://microsoft.com/schemas/VisualStudio/TeamTest/2006">
  <TestRunConfiguration name="Local Test Run" id="bd454a8c-6d30-410a-8ddd-a96b5ebeade3">
    <Description>This is a default test run configuration for a local test run.</Description>
    <Deployment runDeploymentRoot="C:\Users\Administrator\Desktop\projektBD\TypyDanychPrzestrzennych\TestResults\Administrator_MSSQLSERVER46 2021-06-10 20_57_18" />
    <TestTypeSpecific />
  </TestRunConfiguration>
  <ResultSummary outcome="Completed">
    <Counters total="14" executed="14" passed="14" error="0" failed="0" timeout="0" aborted="0" inconclusive="0" passedButRunAborted="0" notRunnable="0" notExecuted="0" disconnected="0" warning="0" completed="0" inProgress="0" pending="0" />
  </ResultSummary>
  <Times creation="2021-06-10T20:57:18.9340000+02:00" queuing="2021-06-10T20:57:19.4360000+02:00" start="2021-06-10T20:57:19.5770000+02:00" finish="2021-06-10T20:57:20.1700000+02:00" />
  <TestDefinitions>
    <UnitTest name="TestPointTryToInsertStringPoint" storage="c:\users\administrator\desktop\projektbd\typydanychprzestrzennych\unittests\bin\debug\unittests.dll" id="492bf524-eb88-44a9-de43-c3705420aaec">
      <Css projectStructure="" iteration="" />
      <Owners>
        <Owner name="" />
      </Owners>
      <Execution id="11f134f2-78e5-4d0e-8f29-2ad63b53931d" />
      <TestMethod codeBase="C:\Users\Administrator\Desktop\projektBD\TypyDanychPrzestrzennych\UnitTests\bin\Debug\UnitTests.dll" adapterTypeName="Microsoft.VisualStudio.TestTools.TestTypes.Unit.UnitTestAdapter, Microsoft.VisualStudio.QualityTools.Tips.UnitTest.Adapter, Version=9.0.0.0, Culture=neutral, PublicKeyToken=b03f5f7f11d50a3a" className="UnitTests.UnitTestPoint, UnitTests" name="TestPointTryToInsertStringPoint" />
    </UnitTest>
    <UnitTest name="TestPolygonPointInsideTrue" storage="c:\users\administrator\desktop\projektbd\typydanychprzestrzennych\unittests\bin\debug\unittests.dll" id="de7815c9-23a5-53d2-144e-23053161a53b">
      <Css projectStructure="" iteration="" />
      <Owners>
        <Owner name="" />
      </Owners>
      <Execution id="e23241b8-d893-46a5-8689-992c061306a3" />
      <TestMethod codeBase="C:\Users\Administrator\Desktop\projektBD\TypyDanychPrzestrzennych\UnitTests\bin\Debug\UnitTests.dll" adapterTypeName="Microsoft.VisualStudio.TestTools.TestTypes.Unit.UnitTestAdapter, Microsoft.VisualStudio.QualityTools.Tips.UnitTest.Adapter, Version=9.0.0.0, Culture=neutral, PublicKeyToken=b03f5f7f11d50a3a" className="UnitTests.UnitTestPolygon, UnitTests" name="TestPolygonPointInsideTrue" />
    </UnitTest>
    <UnitTest name="TestPolygonInsertWithEqualVertices" storage="c:\users\administrator\desktop\projektbd\typydanychprzestrzennych\unittests\bin\debug\unittests.dll" id="c81ffe68-d7b5-35bb-3053-11d521eebbcd">
      <Css projectStructure="" iteration="" />
      <Owners>
        <Owner name="" />
      </Owners>
      <Execution id="b807d6e1-9e7f-4a83-9144-2a52c5d1acf9" />
      <TestMethod codeBase="C:\Users\Administrator\Desktop\projektBD\TypyDanychPrzestrzennych\UnitTests\bin\Debug\UnitTests.dll" adapterTypeName="Microsoft.VisualStudio.TestTools.TestTypes.Unit.UnitTestAdapter, Microsoft.VisualStudio.QualityTools.Tips.UnitTest.Adapter, Version=9.0.0.0, Culture=neutral, PublicKeyToken=b03f5f7f11d50a3a" className="UnitTests.UnitTestPolygon, UnitTests" name="TestPolygonInsertWithEqualVertices" />
    </UnitTest>
    <UnitTest name="TestMethod1" storage="c:\users\administrator\desktop\projektbd\typydanychprzestrzennych\unittests\bin\debug\unittests.dll" id="7e6762ae-631c-d81b-4f7d-6b6267d1b207">
      <Css projectStructure="" iteration="" />
      <Owners>
        <Owner name="" />
      </Owners>
      <Execution id="e896a87c-cacc-4b1b-a0a8-7789c4ec2bb9" />
      <TestMethod codeBase="C:\Users\Administrator\Desktop\projektBD\TypyDanychPrzestrzennych\UnitTests\bin\Debug\UnitTests.dll" adapterTypeName="Microsoft.VisualStudio.TestTools.TestTypes.Unit.UnitTestAdapter, Microsoft.VisualStudio.QualityTools.Tips.UnitTest.Adapter, Version=9.0.0.0, Culture=neutral, PublicKeyToken=b03f5f7f11d50a3a" className="UnitTests.UnitTestMainApp, UnitTests" name="TestMethod1" />
    </UnitTest>
    <UnitTest name="TestPointTryToInsertDoublePoint" storage="c:\users\administrator\desktop\projektbd\typydanychprzestrzennych\unittests\bin\debug\unittests.dll" id="67cee95c-50d6-de19-7487-8089975b014f">
      <Css projectStructure="" iteration="" />
      <Owners>
        <Owner name="" />
      </Owners>
      <Execution id="52b56cc9-2ee6-4297-abb6-cb5fe4b30ef9" />
      <TestMethod codeBase="C:\Users\Administrator\Desktop\projektBD\TypyDanychPrzestrzennych\UnitTests\bin\Debug\UnitTests.dll" adapterTypeName="Microsoft.VisualStudio.TestTools.TestTypes.Unit.UnitTestAdapter, Microsoft.VisualStudio.QualityTools.Tips.UnitTest.Adapter, Version=9.0.0.0, Culture=neutral, PublicKeyToken=b03f5f7f11d50a3a" className="UnitTests.UnitTestPoint, UnitTests" name="TestPointTryToInsertDoublePoint" />
    </UnitTest>
    <UnitTest name="TestPolygonInsertTrue" storage="c:\users\administrator\desktop\projektbd\typydanychprzestrzennych\unittests\bin\debug\unittests.dll" id="e068bd32-5e90-bcfe-0b66-5a8ccc74d2c8">
      <Css projectStructure="" iteration="" />
      <Owners>
        <Owner name="" />
      </Owners>
      <Execution id="9ad0333e-487d-4c57-a7f0-ac019dc48af2" />
      <TestMethod codeBase="C:\Users\Administrator\Desktop\projektBD\TypyDanychPrzestrzennych\UnitTests\bin\Debug\UnitTests.dll" adapterTypeName="Microsoft.VisualStudio.TestTools.TestTypes.Unit.UnitTestAdapter, Microsoft.VisualStudio.QualityTools.Tips.UnitTest.Adapter, Version=9.0.0.0, Culture=neutral, PublicKeyToken=b03f5f7f11d50a3a" className="UnitTests.UnitTestPolygon, UnitTests" name="TestPolygonInsertTrue" />
    </UnitTest>
    <UnitTest name="TestPolygonInsertWithLessThan3Vertices" storage="c:\users\administrator\desktop\projektbd\typydanychprzestrzennych\unittests\bin\debug\unittests.dll" id="050e1731-2046-3317-03db-d5380b2b1cd9">
      <Css projectStructure="" iteration="" />
      <Owners>
        <Owner name="" />
      </Owners>
      <Execution id="326aeb1c-16e3-4a4a-a7dd-a059b7eb9311" />
      <TestMethod codeBase="C:\Users\Administrator\Desktop\projektBD\TypyDanychPrzestrzennych\UnitTests\bin\Debug\UnitTests.dll" adapterTypeName="Microsoft.VisualStudio.TestTools.TestTypes.Unit.UnitTestAdapter, Microsoft.VisualStudio.QualityTools.Tips.UnitTest.Adapter, Version=9.0.0.0, Culture=neutral, PublicKeyToken=b03f5f7f11d50a3a" className="UnitTests.UnitTestPolygon, UnitTests" name="TestPolygonInsertWithLessThan3Vertices" />
    </UnitTest>
    <UnitTest name="TestPolygonPointInsideFalse" storage="c:\users\administrator\desktop\projektbd\typydanychprzestrzennych\unittests\bin\debug\unittests.dll" id="985ef17e-2711-05ba-d895-400dade4b1c8">
      <Css projectStructure="" iteration="" />
      <Owners>
        <Owner name="" />
      </Owners>
      <Execution id="bfbfe6c8-c81a-4a32-b448-664f1c984e96" />
      <TestMethod codeBase="C:\Users\Administrator\Desktop\projektBD\TypyDanychPrzestrzennych\UnitTests\bin\Debug\UnitTests.dll" adapterTypeName="Microsoft.VisualStudio.TestTools.TestTypes.Unit.UnitTestAdapter, Microsoft.VisualStudio.QualityTools.Tips.UnitTest.Adapter, Version=9.0.0.0, Culture=neutral, PublicKeyToken=b03f5f7f11d50a3a" className="UnitTests.UnitTestPolygon, UnitTests" name="TestPolygonPointInsideFalse" />
    </UnitTest>
    <UnitTest name="TestPointDistance" storage="c:\users\administrator\desktop\projektbd\typydanychprzestrzennych\unittests\bin\debug\unittests.dll" id="5a6ad1c4-6a93-c6bb-f18e-1cd266c6467a">
      <Css projectStructure="" iteration="" />
      <Owners>
        <Owner name="" />
      </Owners>
      <Execution id="ee567dc5-5c5b-4b2b-b2a9-0844f9cf2e16" />
      <TestMethod codeBase="C:\Users\Administrator\Desktop\projektBD\TypyDanychPrzestrzennych\UnitTests\bin\Debug\UnitTests.dll" adapterTypeName="Microsoft.VisualStudio.TestTools.TestTypes.Unit.UnitTestAdapter, Microsoft.VisualStudio.QualityTools.Tips.UnitTest.Adapter, Version=9.0.0.0, Culture=neutral, PublicKeyToken=b03f5f7f11d50a3a" className="UnitTests.UnitTestPoint, UnitTests" name="TestPointDistance" />
    </UnitTest>
    <UnitTest name="TestPointGetY" storage="c:\users\administrator\desktop\projektbd\typydanychprzestrzennych\unittests\bin\debug\unittests.dll" id="de6c7280-5b6d-7a64-dac2-7af45f52d9fc">
      <Css projectStructure="" iteration="" />
      <Owners>
        <Owner name="" />
      </Owners>
      <Execution id="42bbd685-36f7-474d-9557-89aaa3acf2a5" />
      <TestMethod codeBase="C:\Users\Administrator\Desktop\projektBD\TypyDanychPrzestrzennych\UnitTests\bin\Debug\UnitTests.dll" adapterTypeName="Microsoft.VisualStudio.TestTools.TestTypes.Unit.UnitTestAdapter, Microsoft.VisualStudio.QualityTools.Tips.UnitTest.Adapter, Version=9.0.0.0, Culture=neutral, PublicKeyToken=b03f5f7f11d50a3a" className="UnitTests.UnitTestPoint, UnitTests" name="TestPointGetY" />
    </UnitTest>
    <UnitTest name="TestPointGetX" storage="c:\users\administrator\desktop\projektbd\typydanychprzestrzennych\unittests\bin\debug\unittests.dll" id="a67a157d-fb04-f7be-6367-f7f83c362978">
      <Css projectStructure="" iteration="" />
      <Owners>
        <Owner name="" />
      </Owners>
      <Execution id="0c10b213-a2d1-4a8f-bfc9-eff76a01a512" />
      <TestMethod codeBase="C:\Users\Administrator\Desktop\projektBD\TypyDanychPrzestrzennych\UnitTests\bin\Debug\UnitTests.dll" adapterTypeName="Microsoft.VisualStudio.TestTools.TestTypes.Unit.UnitTestAdapter, Microsoft.VisualStudio.QualityTools.Tips.UnitTest.Adapter, Version=9.0.0.0, Culture=neutral, PublicKeyToken=b03f5f7f11d50a3a" className="UnitTests.UnitTestPoint, UnitTests" name="TestPointGetX" />
    </UnitTest>
    <UnitTest name="TestPointToString" storage="c:\users\administrator\desktop\projektbd\typydanychprzestrzennych\unittests\bin\debug\unittests.dll" id="dd4ae2ec-a044-751d-9d5f-cfcd08988655">
      <Css projectStructure="" iteration="" />
      <Owners>
        <Owner name="" />
      </Owners>
      <Execution id="98188a25-7f7e-4065-a5d2-b94e03baaa99" />
      <TestMethod codeBase="C:\Users\Administrator\Desktop\projektBD\TypyDanychPrzestrzennych\UnitTests\bin\Debug\UnitTests.dll" adapterTypeName="Microsoft.VisualStudio.TestTools.TestTypes.Unit.UnitTestAdapter, Microsoft.VisualStudio.QualityTools.Tips.UnitTest.Adapter, Version=9.0.0.0, Culture=neutral, PublicKeyToken=b03f5f7f11d50a3a" className="UnitTests.UnitTestPoint, UnitTests" name="TestPointToString" />
    </UnitTest>
    <UnitTest name="TestPolygonArea" storage="c:\users\administrator\desktop\projektbd\typydanychprzestrzennych\unittests\bin\debug\unittests.dll" id="1769bc11-4ce2-d2ae-fc39-a013ace3f943">
      <Css projectStructure="" iteration="" />
      <Owners>
        <Owner name="" />
      </Owners>
      <Execution id="7933e538-258f-406d-9725-6af4c7aec0f4" />
      <TestMethod codeBase="C:\Users\Administrator\Desktop\projektBD\TypyDanychPrzestrzennych\UnitTests\bin\Debug\UnitTests.dll" adapterTypeName="Microsoft.VisualStudio.TestTools.TestTypes.Unit.UnitTestAdapter, Microsoft.VisualStudio.QualityTools.Tips.UnitTest.Adapter, Version=9.0.0.0, Culture=neutral, PublicKeyToken=b03f5f7f11d50a3a" className="UnitTests.UnitTestPolygon, UnitTests" name="TestPolygonArea" />
    </UnitTest>
    <UnitTest name="TestPolygonToString" storage="c:\users\administrator\desktop\projektbd\typydanychprzestrzennych\unittests\bin\debug\unittests.dll" id="19dab8ac-d837-b5f3-eaaa-777f86efc55b">
      <Css projectStructure="" iteration="" />
      <Owners>
        <Owner name="" />
      </Owners>
      <Execution id="3ce2c058-dd1a-43c4-8184-f477432b7174" />
      <TestMethod codeBase="C:\Users\Administrator\Desktop\projektBD\TypyDanychPrzestrzennych\UnitTests\bin\Debug\UnitTests.dll" adapterTypeName="Microsoft.VisualStudio.TestTools.TestTypes.Unit.UnitTestAdapter, Microsoft.VisualStudio.QualityTools.Tips.UnitTest.Adapter, Version=9.0.0.0, Culture=neutral, PublicKeyToken=b03f5f7f11d50a3a" className="UnitTests.UnitTestPolygon, UnitTests" name="TestPolygonToString" />
    </UnitTest>
  </TestDefinitions>
  <TestLists>
    <TestList name="Results Not in a List" id="8c84fa94-04c1-424b-9868-57a2d4851a1d" />
    <TestList name="All Loaded Results" id="19431567-8539-422a-85d7-44ee4e166bda" />
  </TestLists>
  <TestEntries>
    <TestEntry testId="050e1731-2046-3317-03db-d5380b2b1cd9" executionId="326aeb1c-16e3-4a4a-a7dd-a059b7eb9311" testListId="8c84fa94-04c1-424b-9868-57a2d4851a1d" />
    <TestEntry testId="1769bc11-4ce2-d2ae-fc39-a013ace3f943" executionId="7933e538-258f-406d-9725-6af4c7aec0f4" testListId="8c84fa94-04c1-424b-9868-57a2d4851a1d" />
    <TestEntry testId="19dab8ac-d837-b5f3-eaaa-777f86efc55b" executionId="3ce2c058-dd1a-43c4-8184-f477432b7174" testListId="8c84fa94-04c1-424b-9868-57a2d4851a1d" />
    <TestEntry testId="492bf524-eb88-44a9-de43-c3705420aaec" executionId="11f134f2-78e5-4d0e-8f29-2ad63b53931d" testListId="8c84fa94-04c1-424b-9868-57a2d4851a1d" />
    <TestEntry testId="5a6ad1c4-6a93-c6bb-f18e-1cd266c6467a" executionId="ee567dc5-5c5b-4b2b-b2a9-0844f9cf2e16" testListId="8c84fa94-04c1-424b-9868-57a2d4851a1d" />
    <TestEntry testId="67cee95c-50d6-de19-7487-8089975b014f" executionId="52b56cc9-2ee6-4297-abb6-cb5fe4b30ef9" testListId="8c84fa94-04c1-424b-9868-57a2d4851a1d" />
    <TestEntry testId="7e6762ae-631c-d81b-4f7d-6b6267d1b207" executionId="e896a87c-cacc-4b1b-a0a8-7789c4ec2bb9" testListId="8c84fa94-04c1-424b-9868-57a2d4851a1d" />
    <TestEntry testId="985ef17e-2711-05ba-d895-400dade4b1c8" executionId="bfbfe6c8-c81a-4a32-b448-664f1c984e96" testListId="8c84fa94-04c1-424b-9868-57a2d4851a1d" />
    <TestEntry testId="a67a157d-fb04-f7be-6367-f7f83c362978" executionId="0c10b213-a2d1-4a8f-bfc9-eff76a01a512" testListId="8c84fa94-04c1-424b-9868-57a2d4851a1d" />
    <TestEntry testId="c81ffe68-d7b5-35bb-3053-11d521eebbcd" executionId="b807d6e1-9e7f-4a83-9144-2a52c5d1acf9" testListId="8c84fa94-04c1-424b-9868-57a2d4851a1d" />
    <TestEntry testId="dd4ae2ec-a044-751d-9d5f-cfcd08988655" executionId="98188a25-7f7e-4065-a5d2-b94e03baaa99" testListId="8c84fa94-04c1-424b-9868-57a2d4851a1d" />
    <TestEntry testId="de6c7280-5b6d-7a64-dac2-7af45f52d9fc" executionId="42bbd685-36f7-474d-9557-89aaa3acf2a5" testListId="8c84fa94-04c1-424b-9868-57a2d4851a1d" />
    <TestEntry testId="de7815c9-23a5-53d2-144e-23053161a53b" executionId="e23241b8-d893-46a5-8689-992c061306a3" testListId="8c84fa94-04c1-424b-9868-57a2d4851a1d" />
    <TestEntry testId="e068bd32-5e90-bcfe-0b66-5a8ccc74d2c8" executionId="9ad0333e-487d-4c57-a7f0-ac019dc48af2" testListId="8c84fa94-04c1-424b-9868-57a2d4851a1d" />
  </TestEntries>
  <Results>
    <UnitTestResult executionId="326aeb1c-16e3-4a4a-a7dd-a059b7eb9311" testId="050e1731-2046-3317-03db-d5380b2b1cd9" testName="TestPolygonInsertWithLessThan3Vertices" computerName="MSSQLSERVER46" duration="00:00:00.0030815" startTime="2021-06-10T20:57:19.6530000+02:00" endTime="2021-06-10T20:57:19.8520000+02:00" testType="13cdc9d9-ddb5-4fa4-a97d-d965ccfc6d4b" outcome="Passed" testListId="8c84fa94-04c1-424b-9868-57a2d4851a1d">
      <Output>
        <StdOut>Test passed
A .NET Framework error occurred during execution of user-defined routine or aggregate "Polygon": 
System.ArgumentException: Invalid Polygon. You must provide &gt;= 3 vertices.
System.ArgumentException: 
   w Polygon.Parse(SqlString s)
.
The statement has been terminated.</StdOut>
      </Output>
    </UnitTestResult>
    <UnitTestResult executionId="7933e538-258f-406d-9725-6af4c7aec0f4" testId="1769bc11-4ce2-d2ae-fc39-a013ace3f943" testName="TestPolygonArea" computerName="MSSQLSERVER46" duration="00:00:00.0023452" startTime="2021-06-10T20:57:19.8550000+02:00" endTime="2021-06-10T20:57:19.8600000+02:00" testType="13cdc9d9-ddb5-4fa4-a97d-d965ccfc6d4b" outcome="Passed" testListId="8c84fa94-04c1-424b-9868-57a2d4851a1d">
      <Output>
      </Output>
    </UnitTestResult>
    <UnitTestResult executionId="3ce2c058-dd1a-43c4-8184-f477432b7174" testId="19dab8ac-d837-b5f3-eaaa-777f86efc55b" testName="TestPolygonToString" computerName="MSSQLSERVER46" duration="00:00:00.0020243" startTime="2021-06-10T20:57:19.8630000+02:00" endTime="2021-06-10T20:57:19.8670000+02:00" testType="13cdc9d9-ddb5-4fa4-a97d-d965ccfc6d4b" outcome="Passed" testListId="8c84fa94-04c1-424b-9868-57a2d4851a1d">
      <Output>
      </Output>
    </UnitTestResult>
    <UnitTestResult executionId="11f134f2-78e5-4d0e-8f29-2ad63b53931d" testId="492bf524-eb88-44a9-de43-c3705420aaec" testName="TestPointTryToInsertStringPoint" computerName="MSSQLSERVER46" duration="00:00:00.0017665" startTime="2021-06-10T20:57:19.8700000+02:00" endTime="2021-06-10T20:57:19.8790000+02:00" testType="13cdc9d9-ddb5-4fa4-a97d-d965ccfc6d4b" outcome="Passed" testListId="8c84fa94-04c1-424b-9868-57a2d4851a1d">
      <Output>
        <StdOut>Test passed
A .NET Framework error occurred during execution of user-defined routine or aggregate "Point": 
System.FormatException: Nieprawidłowy format ciągu wejściowego.
System.FormatException: 
   w System.Number.StringToNumber(String str, NumberStyles options, NumberBuffer&amp; number, NumberFormatInfo info, Boolean parseDecimal)
   w System.Number.ParseInt32(String s, NumberStyles style, NumberFormatInfo info)
   w System.Int32.Parse(String s)
   w Point.Parse(SqlString s)
.
The statement has been terminated.</StdOut>
      </Output>
    </UnitTestResult>
    <UnitTestResult executionId="ee567dc5-5c5b-4b2b-b2a9-0844f9cf2e16" testId="5a6ad1c4-6a93-c6bb-f18e-1cd266c6467a" testName="TestPointDistance" computerName="MSSQLSERVER46" duration="00:00:00.0024813" startTime="2021-06-10T20:57:19.8820000+02:00" endTime="2021-06-10T20:57:19.8870000+02:00" testType="13cdc9d9-ddb5-4fa4-a97d-d965ccfc6d4b" outcome="Passed" testListId="8c84fa94-04c1-424b-9868-57a2d4851a1d">
      <Output>
      </Output>
    </UnitTestResult>
    <UnitTestResult executionId="52b56cc9-2ee6-4297-abb6-cb5fe4b30ef9" testId="67cee95c-50d6-de19-7487-8089975b014f" testName="TestPointTryToInsertDoublePoint" computerName="MSSQLSERVER46" duration="00:00:00.0019287" startTime="2021-06-10T20:57:19.8890000+02:00" endTime="2021-06-10T20:57:19.8940000+02:00" testType="13cdc9d9-ddb5-4fa4-a97d-d965ccfc6d4b" outcome="Passed" testListId="8c84fa94-04c1-424b-9868-57a2d4851a1d">
      <Output>
        <StdOut>Test passed
A .NET Framework error occurred during execution of user-defined routine or aggregate "Point": 
System.FormatException: Nieprawidłowy format ciągu wejściowego.
System.FormatException: 
   w System.Number.StringToNumber(String str, NumberStyles options, NumberBuffer&amp; number, NumberFormatInfo info, Boolean parseDecimal)
   w System.Number.ParseInt32(String s, NumberStyles style, NumberFormatInfo info)
   w System.Int32.Parse(String s)
   w Point.Parse(SqlString s)
.
The statement has been terminated.</StdOut>
      </Output>
    </UnitTestResult>
    <UnitTestResult executionId="e896a87c-cacc-4b1b-a0a8-7789c4ec2bb9" testId="7e6762ae-631c-d81b-4f7d-6b6267d1b207" testName="TestMethod1" computerName="MSSQLSERVER46" duration="00:00:00.0002740" startTime="2021-06-10T20:57:19.8970000+02:00" endTime="2021-06-10T20:57:19.9010000+02:00" testType="13cdc9d9-ddb5-4fa4-a97d-d965ccfc6d4b" outcome="Passed" testListId="8c84fa94-04c1-424b-9868-57a2d4851a1d">
      <Output>
      </Output>
    </UnitTestResult>
    <UnitTestResult executionId="bfbfe6c8-c81a-4a32-b448-664f1c984e96" testId="985ef17e-2711-05ba-d895-400dade4b1c8" testName="TestPolygonPointInsideFalse" computerName="MSSQLSERVER46" duration="00:00:00.0042264" startTime="2021-06-10T20:57:19.9020000+02:00" endTime="2021-06-10T20:57:19.9090000+02:00" testType="13cdc9d9-ddb5-4fa4-a97d-d965ccfc6d4b" outcome="Passed" testListId="8c84fa94-04c1-424b-9868-57a2d4851a1d">
      <Output>
      </Output>
    </UnitTestResult>
    <UnitTestResult executionId="0c10b213-a2d1-4a8f-bfc9-eff76a01a512" testId="a67a157d-fb04-f7be-6367-f7f83c362978" testName="TestPointGetX" computerName="MSSQLSERVER46" duration="00:00:00.0019032" startTime="2021-06-10T20:57:19.9120000+02:00" endTime="2021-06-10T20:57:19.9160000+02:00" testType="13cdc9d9-ddb5-4fa4-a97d-d965ccfc6d4b" outcome="Passed" testListId="8c84fa94-04c1-424b-9868-57a2d4851a1d">
      <Output>
      </Output>
    </UnitTestResult>
    <UnitTestResult executionId="b807d6e1-9e7f-4a83-9144-2a52c5d1acf9" testId="c81ffe68-d7b5-35bb-3053-11d521eebbcd" testName="TestPolygonInsertWithEqualVertices" computerName="MSSQLSERVER46" duration="00:00:00.0017955" startTime="2021-06-10T20:57:19.9320000+02:00" endTime="2021-06-10T20:57:19.9370000+02:00" testType="13cdc9d9-ddb5-4fa4-a97d-d965ccfc6d4b" outcome="Passed" testListId="8c84fa94-04c1-424b-9868-57a2d4851a1d">
      <Output>
        <StdOut>Test passed
A .NET Framework error occurred during execution of user-defined routine or aggregate "Polygon": 
System.ArgumentException: Invalid Polygon. Some vertices are equal.
System.ArgumentException: 
   w Polygon.Parse(SqlString s)
.
The statement has been terminated.</StdOut>
      </Output>
    </UnitTestResult>
    <UnitTestResult executionId="98188a25-7f7e-4065-a5d2-b94e03baaa99" testId="dd4ae2ec-a044-751d-9d5f-cfcd08988655" testName="TestPointToString" computerName="MSSQLSERVER46" duration="00:00:00.0024632" startTime="2021-06-10T20:57:19.9810000+02:00" endTime="2021-06-10T20:57:19.9860000+02:00" testType="13cdc9d9-ddb5-4fa4-a97d-d965ccfc6d4b" outcome="Passed" testListId="8c84fa94-04c1-424b-9868-57a2d4851a1d">
      <Output>
      </Output>
    </UnitTestResult>
    <UnitTestResult executionId="42bbd685-36f7-474d-9557-89aaa3acf2a5" testId="de6c7280-5b6d-7a64-dac2-7af45f52d9fc" testName="TestPointGetY" computerName="MSSQLSERVER46" duration="00:00:00.0034069" startTime="2021-06-10T20:57:19.9880000+02:00" endTime="2021-06-10T20:57:19.9940000+02:00" testType="13cdc9d9-ddb5-4fa4-a97d-d965ccfc6d4b" outcome="Passed" testListId="8c84fa94-04c1-424b-9868-57a2d4851a1d">
      <Output>
      </Output>
    </UnitTestResult>
    <UnitTestResult executionId="e23241b8-d893-46a5-8689-992c061306a3" testId="de7815c9-23a5-53d2-144e-23053161a53b" testName="TestPolygonPointInsideTrue" computerName="MSSQLSERVER46" duration="00:00:00.0039837" startTime="2021-06-10T20:57:19.9970000+02:00" endTime="2021-06-10T20:57:20.0030000+02:00" testType="13cdc9d9-ddb5-4fa4-a97d-d965ccfc6d4b" outcome="Passed" testListId="8c84fa94-04c1-424b-9868-57a2d4851a1d">
      <Output>
      </Output>
    </UnitTestResult>
    <UnitTestResult executionId="9ad0333e-487d-4c57-a7f0-ac019dc48af2" testId="e068bd32-5e90-bcfe-0b66-5a8ccc74d2c8" testName="TestPolygonInsertTrue" computerName="MSSQLSERVER46" duration="00:00:00.0016443" startTime="2021-06-10T20:57:20.0060000+02:00" endTime="2021-06-10T20:57:20.0100000+02:00" testType="13cdc9d9-ddb5-4fa4-a97d-d965ccfc6d4b" outcome="Passed" testListId="8c84fa94-04c1-424b-9868-57a2d4851a1d">
      <Output>
      </Output>
    </UnitTestResult>
  </Results>
</TestRun>