<?xml version="1.0" encoding="UTF-8"?>
<TestRun id="f4c1931c-b409-457f-bef5-88f05989926e" name="Administrator@MSSQLSERVER46 2021-06-10 21:14:09" runUser="MSSQLSERVER46\Administrator" xmlns="http://microsoft.com/schemas/VisualStudio/TeamTest/2006">
  <TestRunConfiguration name="Local Test Run" id="bd454a8c-6d30-410a-8ddd-a96b5ebeade3">
    <Description>This is a default test run configuration for a local test run.</Description>
    <Deployment runDeploymentRoot="C:\Users\Administrator\Desktop\projektBD\TypyDanychPrzestrzennych\TestResults\Administrator_MSSQLSERVER46 2021-06-10 21_14_09" />
    <TestTypeSpecific />
  </TestRunConfiguration>
  <ResultSummary outcome="Completed">
    <Counters total="15" executed="15" passed="15" error="0" failed="0" timeout="0" aborted="0" inconclusive="0" passedButRunAborted="0" notRunnable="0" notExecuted="0" disconnected="0" warning="0" completed="0" inProgress="0" pending="0" />
  </ResultSummary>
  <Times creation="2021-06-10T21:14:09.9940000+02:00" queuing="2021-06-10T21:14:10.5890000+02:00" start="2021-06-10T21:14:10.6950000+02:00" finish="2021-06-10T21:14:11.5560000+02:00" />
  <TestDefinitions>
    <UnitTest name="TestPointTryToInsertStringPoint" storage="c:\users\administrator\desktop\projektbd\typydanychprzestrzennych\unittests\bin\debug\unittests.dll" id="492bf524-eb88-44a9-de43-c3705420aaec">
      <Css projectStructure="" iteration="" />
      <Owners>
        <Owner name="" />
      </Owners>
      <Execution id="8b96816c-26d7-40c5-8655-a20c4435b592" />
      <TestMethod codeBase="C:\Users\Administrator\Desktop\projektBD\TypyDanychPrzestrzennych\UnitTests\bin\Debug\UnitTests.dll" adapterTypeName="Microsoft.VisualStudio.TestTools.TestTypes.Unit.UnitTestAdapter, Microsoft.VisualStudio.QualityTools.Tips.UnitTest.Adapter, Version=9.0.0.0, Culture=neutral, PublicKeyToken=b03f5f7f11d50a3a" className="UnitTests.UnitTestPoint, UnitTests" name="TestPointTryToInsertStringPoint" />
    </UnitTest>
    <UnitTest name="TestPolygonInsertTrue" storage="c:\users\administrator\desktop\projektbd\typydanychprzestrzennych\unittests\bin\debug\unittests.dll" id="e068bd32-5e90-bcfe-0b66-5a8ccc74d2c8">
      <Css projectStructure="" iteration="" />
      <Owners>
        <Owner name="" />
      </Owners>
      <Execution id="f825fb97-a9a3-4e2b-9127-8a5b0a089b1b" />
      <TestMethod codeBase="C:\Users\Administrator\Desktop\projektBD\TypyDanychPrzestrzennych\UnitTests\bin\Debug\UnitTests.dll" adapterTypeName="Microsoft.VisualStudio.TestTools.TestTypes.Unit.UnitTestAdapter, Microsoft.VisualStudio.QualityTools.Tips.UnitTest.Adapter, Version=9.0.0.0, Culture=neutral, PublicKeyToken=b03f5f7f11d50a3a" className="UnitTests.UnitTestPolygon, UnitTests" name="TestPolygonInsertTrue" />
    </UnitTest>
    <UnitTest name="TestPolygonInsertWithEqualVertices" storage="c:\users\administrator\desktop\projektbd\typydanychprzestrzennych\unittests\bin\debug\unittests.dll" id="c81ffe68-d7b5-35bb-3053-11d521eebbcd">
      <Css projectStructure="" iteration="" />
      <Owners>
        <Owner name="" />
      </Owners>
      <Execution id="43109aae-bd32-4201-96b1-39aa8c4f12ed" />
      <TestMethod codeBase="C:\Users\Administrator\Desktop\projektBD\TypyDanychPrzestrzennych\UnitTests\bin\Debug\UnitTests.dll" adapterTypeName="Microsoft.VisualStudio.TestTools.TestTypes.Unit.UnitTestAdapter, Microsoft.VisualStudio.QualityTools.Tips.UnitTest.Adapter, Version=9.0.0.0, Culture=neutral, PublicKeyToken=b03f5f7f11d50a3a" className="UnitTests.UnitTestPolygon, UnitTests" name="TestPolygonInsertWithEqualVertices" />
    </UnitTest>
    <UnitTest name="TestPolygonInsertStringPoint" storage="c:\users\administrator\desktop\projektbd\typydanychprzestrzennych\unittests\bin\debug\unittests.dll" id="eec8da20-ca2f-7b37-3119-b7b0733c0ee0">
      <Css projectStructure="" iteration="" />
      <Owners>
        <Owner name="" />
      </Owners>
      <Execution id="ac605e9e-4e26-4a8e-8970-4036596505ac" />
      <TestMethod codeBase="C:\Users\Administrator\Desktop\projektBD\TypyDanychPrzestrzennych\UnitTests\bin\Debug\UnitTests.dll" adapterTypeName="Microsoft.VisualStudio.TestTools.TestTypes.Unit.UnitTestAdapter, Microsoft.VisualStudio.QualityTools.Tips.UnitTest.Adapter, Version=9.0.0.0, Culture=neutral, PublicKeyToken=b03f5f7f11d50a3a" className="UnitTests.UnitTestPolygon, UnitTests" name="TestPolygonInsertStringPoint" />
    </UnitTest>
    <UnitTest name="TestPolygonPointInsideTrue" storage="c:\users\administrator\desktop\projektbd\typydanychprzestrzennych\unittests\bin\debug\unittests.dll" id="de7815c9-23a5-53d2-144e-23053161a53b">
      <Css projectStructure="" iteration="" />
      <Owners>
        <Owner name="" />
      </Owners>
      <Execution id="9ef7c65f-2cb7-48d7-9b07-bc80a79dd357" />
      <TestMethod codeBase="C:\Users\Administrator\Desktop\projektBD\TypyDanychPrzestrzennych\UnitTests\bin\Debug\UnitTests.dll" adapterTypeName="Microsoft.VisualStudio.TestTools.TestTypes.Unit.UnitTestAdapter, Microsoft.VisualStudio.QualityTools.Tips.UnitTest.Adapter, Version=9.0.0.0, Culture=neutral, PublicKeyToken=b03f5f7f11d50a3a" className="UnitTests.UnitTestPolygon, UnitTests" name="TestPolygonPointInsideTrue" />
    </UnitTest>
    <UnitTest name="TestPointTryToInsertDoublePoint" storage="c:\users\administrator\desktop\projektbd\typydanychprzestrzennych\unittests\bin\debug\unittests.dll" id="67cee95c-50d6-de19-7487-8089975b014f">
      <Css projectStructure="" iteration="" />
      <Owners>
        <Owner name="" />
      </Owners>
      <Execution id="a370886a-1d6c-4497-a80c-0bf5f2b629b2" />
      <TestMethod codeBase="C:\Users\Administrator\Desktop\projektBD\TypyDanychPrzestrzennych\UnitTests\bin\Debug\UnitTests.dll" adapterTypeName="Microsoft.VisualStudio.TestTools.TestTypes.Unit.UnitTestAdapter, Microsoft.VisualStudio.QualityTools.Tips.UnitTest.Adapter, Version=9.0.0.0, Culture=neutral, PublicKeyToken=b03f5f7f11d50a3a" className="UnitTests.UnitTestPoint, UnitTests" name="TestPointTryToInsertDoublePoint" />
    </UnitTest>
    <UnitTest name="TestPolygonInsertDoublePoint" storage="c:\users\administrator\desktop\projektbd\typydanychprzestrzennych\unittests\bin\debug\unittests.dll" id="760de4df-e445-8a2e-84e1-755f97088f20">
      <Css projectStructure="" iteration="" />
      <Owners>
        <Owner name="" />
      </Owners>
      <Execution id="fef29dbc-0302-48f6-bb4f-5b68f9544e3a" />
      <TestMethod codeBase="C:\Users\Administrator\Desktop\projektBD\TypyDanychPrzestrzennych\UnitTests\bin\Debug\UnitTests.dll" adapterTypeName="Microsoft.VisualStudio.TestTools.TestTypes.Unit.UnitTestAdapter, Microsoft.VisualStudio.QualityTools.Tips.UnitTest.Adapter, Version=9.0.0.0, Culture=neutral, PublicKeyToken=b03f5f7f11d50a3a" className="UnitTests.UnitTestPolygon, UnitTests" name="TestPolygonInsertDoublePoint" />
    </UnitTest>
    <UnitTest name="TestPolygonInsertWithLessThan3Vertices" storage="c:\users\administrator\desktop\projektbd\typydanychprzestrzennych\unittests\bin\debug\unittests.dll" id="050e1731-2046-3317-03db-d5380b2b1cd9">
      <Css projectStructure="" iteration="" />
      <Owners>
        <Owner name="" />
      </Owners>
      <Execution id="f4dea5bf-ded7-4e81-8299-a551b0ca29dc" />
      <TestMethod codeBase="C:\Users\Administrator\Desktop\projektBD\TypyDanychPrzestrzennych\UnitTests\bin\Debug\UnitTests.dll" adapterTypeName="Microsoft.VisualStudio.TestTools.TestTypes.Unit.UnitTestAdapter, Microsoft.VisualStudio.QualityTools.Tips.UnitTest.Adapter, Version=9.0.0.0, Culture=neutral, PublicKeyToken=b03f5f7f11d50a3a" className="UnitTests.UnitTestPolygon, UnitTests" name="TestPolygonInsertWithLessThan3Vertices" />
    </UnitTest>
    <UnitTest name="TestPolygonPointInsideFalse" storage="c:\users\administrator\desktop\projektbd\typydanychprzestrzennych\unittests\bin\debug\unittests.dll" id="985ef17e-2711-05ba-d895-400dade4b1c8">
      <Css projectStructure="" iteration="" />
      <Owners>
        <Owner name="" />
      </Owners>
      <Execution id="61213712-4bd9-48bd-88e4-64dbe64cc971" />
      <TestMethod codeBase="C:\Users\Administrator\Desktop\projektBD\TypyDanychPrzestrzennych\UnitTests\bin\Debug\UnitTests.dll" adapterTypeName="Microsoft.VisualStudio.TestTools.TestTypes.Unit.UnitTestAdapter, Microsoft.VisualStudio.QualityTools.Tips.UnitTest.Adapter, Version=9.0.0.0, Culture=neutral, PublicKeyToken=b03f5f7f11d50a3a" className="UnitTests.UnitTestPolygon, UnitTests" name="TestPolygonPointInsideFalse" />
    </UnitTest>
    <UnitTest name="TestPointDistance" storage="c:\users\administrator\desktop\projektbd\typydanychprzestrzennych\unittests\bin\debug\unittests.dll" id="5a6ad1c4-6a93-c6bb-f18e-1cd266c6467a">
      <Css projectStructure="" iteration="" />
      <Owners>
        <Owner name="" />
      </Owners>
      <Execution id="800fb28f-2806-4805-bfd5-25e8a87c6fac" />
      <TestMethod codeBase="C:\Users\Administrator\Desktop\projektBD\TypyDanychPrzestrzennych\UnitTests\bin\Debug\UnitTests.dll" adapterTypeName="Microsoft.VisualStudio.TestTools.TestTypes.Unit.UnitTestAdapter, Microsoft.VisualStudio.QualityTools.Tips.UnitTest.Adapter, Version=9.0.0.0, Culture=neutral, PublicKeyToken=b03f5f7f11d50a3a" className="UnitTests.UnitTestPoint, UnitTests" name="TestPointDistance" />
    </UnitTest>
    <UnitTest name="TestPointGetY" storage="c:\users\administrator\desktop\projektbd\typydanychprzestrzennych\unittests\bin\debug\unittests.dll" id="de6c7280-5b6d-7a64-dac2-7af45f52d9fc">
      <Css projectStructure="" iteration="" />
      <Owners>
        <Owner name="" />
      </Owners>
      <Execution id="5eaa7a24-f034-43c3-808c-12e381b3afbf" />
      <TestMethod codeBase="C:\Users\Administrator\Desktop\projektBD\TypyDanychPrzestrzennych\UnitTests\bin\Debug\UnitTests.dll" adapterTypeName="Microsoft.VisualStudio.TestTools.TestTypes.Unit.UnitTestAdapter, Microsoft.VisualStudio.QualityTools.Tips.UnitTest.Adapter, Version=9.0.0.0, Culture=neutral, PublicKeyToken=b03f5f7f11d50a3a" className="UnitTests.UnitTestPoint, UnitTests" name="TestPointGetY" />
    </UnitTest>
    <UnitTest name="TestPointGetX" storage="c:\users\administrator\desktop\projektbd\typydanychprzestrzennych\unittests\bin\debug\unittests.dll" id="a67a157d-fb04-f7be-6367-f7f83c362978">
      <Css projectStructure="" iteration="" />
      <Owners>
        <Owner name="" />
      </Owners>
      <Execution id="4576ad3e-ac78-424e-8967-2b0f6e48e64c" />
      <TestMethod codeBase="C:\Users\Administrator\Desktop\projektBD\TypyDanychPrzestrzennych\UnitTests\bin\Debug\UnitTests.dll" adapterTypeName="Microsoft.VisualStudio.TestTools.TestTypes.Unit.UnitTestAdapter, Microsoft.VisualStudio.QualityTools.Tips.UnitTest.Adapter, Version=9.0.0.0, Culture=neutral, PublicKeyToken=b03f5f7f11d50a3a" className="UnitTests.UnitTestPoint, UnitTests" name="TestPointGetX" />
    </UnitTest>
    <UnitTest name="TestPointToString" storage="c:\users\administrator\desktop\projektbd\typydanychprzestrzennych\unittests\bin\debug\unittests.dll" id="dd4ae2ec-a044-751d-9d5f-cfcd08988655">
      <Css projectStructure="" iteration="" />
      <Owners>
        <Owner name="" />
      </Owners>
      <Execution id="8106a75e-1fdc-4950-97fb-5c2c42d7f745" />
      <TestMethod codeBase="C:\Users\Administrator\Desktop\projektBD\TypyDanychPrzestrzennych\UnitTests\bin\Debug\UnitTests.dll" adapterTypeName="Microsoft.VisualStudio.TestTools.TestTypes.Unit.UnitTestAdapter, Microsoft.VisualStudio.QualityTools.Tips.UnitTest.Adapter, Version=9.0.0.0, Culture=neutral, PublicKeyToken=b03f5f7f11d50a3a" className="UnitTests.UnitTestPoint, UnitTests" name="TestPointToString" />
    </UnitTest>
    <UnitTest name="TestPolygonArea" storage="c:\users\administrator\desktop\projektbd\typydanychprzestrzennych\unittests\bin\debug\unittests.dll" id="1769bc11-4ce2-d2ae-fc39-a013ace3f943">
      <Css projectStructure="" iteration="" />
      <Owners>
        <Owner name="" />
      </Owners>
      <Execution id="7e7a559e-a726-485e-9f7a-0263326f05df" />
      <TestMethod codeBase="C:\Users\Administrator\Desktop\projektBD\TypyDanychPrzestrzennych\UnitTests\bin\Debug\UnitTests.dll" adapterTypeName="Microsoft.VisualStudio.TestTools.TestTypes.Unit.UnitTestAdapter, Microsoft.VisualStudio.QualityTools.Tips.UnitTest.Adapter, Version=9.0.0.0, Culture=neutral, PublicKeyToken=b03f5f7f11d50a3a" className="UnitTests.UnitTestPolygon, UnitTests" name="TestPolygonArea" />
    </UnitTest>
    <UnitTest name="TestPolygonToString" storage="c:\users\administrator\desktop\projektbd\typydanychprzestrzennych\unittests\bin\debug\unittests.dll" id="19dab8ac-d837-b5f3-eaaa-777f86efc55b">
      <Css projectStructure="" iteration="" />
      <Owners>
        <Owner name="" />
      </Owners>
      <Execution id="05b70a83-894f-43cf-80b5-76bf839d744c" />
      <TestMethod codeBase="C:\Users\Administrator\Desktop\projektBD\TypyDanychPrzestrzennych\UnitTests\bin\Debug\UnitTests.dll" adapterTypeName="Microsoft.VisualStudio.TestTools.TestTypes.Unit.UnitTestAdapter, Microsoft.VisualStudio.QualityTools.Tips.UnitTest.Adapter, Version=9.0.0.0, Culture=neutral, PublicKeyToken=b03f5f7f11d50a3a" className="UnitTests.UnitTestPolygon, UnitTests" name="TestPolygonToString" />
    </UnitTest>
  </TestDefinitions>
  <TestLists>
    <TestList name="Results Not in a List" id="8c84fa94-04c1-424b-9868-57a2d4851a1d" />
    <TestList name="All Loaded Results" id="19431567-8539-422a-85d7-44ee4e166bda" />
  </TestLists>
  <TestEntries>
    <TestEntry testId="050e1731-2046-3317-03db-d5380b2b1cd9" executionId="f4dea5bf-ded7-4e81-8299-a551b0ca29dc" testListId="8c84fa94-04c1-424b-9868-57a2d4851a1d" />
    <TestEntry testId="1769bc11-4ce2-d2ae-fc39-a013ace3f943" executionId="7e7a559e-a726-485e-9f7a-0263326f05df" testListId="8c84fa94-04c1-424b-9868-57a2d4851a1d" />
    <TestEntry testId="19dab8ac-d837-b5f3-eaaa-777f86efc55b" executionId="05b70a83-894f-43cf-80b5-76bf839d744c" testListId="8c84fa94-04c1-424b-9868-57a2d4851a1d" />
    <TestEntry testId="492bf524-eb88-44a9-de43-c3705420aaec" executionId="8b96816c-26d7-40c5-8655-a20c4435b592" testListId="8c84fa94-04c1-424b-9868-57a2d4851a1d" />
    <TestEntry testId="5a6ad1c4-6a93-c6bb-f18e-1cd266c6467a" executionId="800fb28f-2806-4805-bfd5-25e8a87c6fac" testListId="8c84fa94-04c1-424b-9868-57a2d4851a1d" />
    <TestEntry testId="67cee95c-50d6-de19-7487-8089975b014f" executionId="a370886a-1d6c-4497-a80c-0bf5f2b629b2" testListId="8c84fa94-04c1-424b-9868-57a2d4851a1d" />
    <TestEntry testId="760de4df-e445-8a2e-84e1-755f97088f20" executionId="fef29dbc-0302-48f6-bb4f-5b68f9544e3a" testListId="8c84fa94-04c1-424b-9868-57a2d4851a1d" />
    <TestEntry testId="985ef17e-2711-05ba-d895-400dade4b1c8" executionId="61213712-4bd9-48bd-88e4-64dbe64cc971" testListId="8c84fa94-04c1-424b-9868-57a2d4851a1d" />
    <TestEntry testId="a67a157d-fb04-f7be-6367-f7f83c362978" executionId="4576ad3e-ac78-424e-8967-2b0f6e48e64c" testListId="8c84fa94-04c1-424b-9868-57a2d4851a1d" />
    <TestEntry testId="c81ffe68-d7b5-35bb-3053-11d521eebbcd" executionId="43109aae-bd32-4201-96b1-39aa8c4f12ed" testListId="8c84fa94-04c1-424b-9868-57a2d4851a1d" />
    <TestEntry testId="dd4ae2ec-a044-751d-9d5f-cfcd08988655" executionId="8106a75e-1fdc-4950-97fb-5c2c42d7f745" testListId="8c84fa94-04c1-424b-9868-57a2d4851a1d" />
    <TestEntry testId="de6c7280-5b6d-7a64-dac2-7af45f52d9fc" executionId="5eaa7a24-f034-43c3-808c-12e381b3afbf" testListId="8c84fa94-04c1-424b-9868-57a2d4851a1d" />
    <TestEntry testId="de7815c9-23a5-53d2-144e-23053161a53b" executionId="9ef7c65f-2cb7-48d7-9b07-bc80a79dd357" testListId="8c84fa94-04c1-424b-9868-57a2d4851a1d" />
    <TestEntry testId="e068bd32-5e90-bcfe-0b66-5a8ccc74d2c8" executionId="f825fb97-a9a3-4e2b-9127-8a5b0a089b1b" testListId="8c84fa94-04c1-424b-9868-57a2d4851a1d" />
    <TestEntry testId="eec8da20-ca2f-7b37-3119-b7b0733c0ee0" executionId="ac605e9e-4e26-4a8e-8970-4036596505ac" testListId="8c84fa94-04c1-424b-9868-57a2d4851a1d" />
  </TestEntries>
  <Results>
    <UnitTestResult executionId="f4dea5bf-ded7-4e81-8299-a551b0ca29dc" testId="050e1731-2046-3317-03db-d5380b2b1cd9" testName="TestPolygonInsertWithLessThan3Vertices" computerName="MSSQLSERVER46" duration="00:00:00.0033953" startTime="2021-06-10T21:14:10.8030000+02:00" endTime="2021-06-10T21:14:11.2570000+02:00" testType="13cdc9d9-ddb5-4fa4-a97d-d965ccfc6d4b" outcome="Passed" testListId="8c84fa94-04c1-424b-9868-57a2d4851a1d">
      <Output>
        <StdOut>Test passed
A .NET Framework error occurred during execution of user-defined routine or aggregate "Polygon": 
System.ArgumentException: Invalid Polygon. You must provide &gt;= 3 vertices.
System.ArgumentException: 
   w Polygon.Parse(SqlString s)
.
The statement has been terminated.</StdOut>
      </Output>
    </UnitTestResult>
    <UnitTestResult executionId="7e7a559e-a726-485e-9f7a-0263326f05df" testId="1769bc11-4ce2-d2ae-fc39-a013ace3f943" testName="TestPolygonArea" computerName="MSSQLSERVER46" duration="00:00:00.0028096" startTime="2021-06-10T21:14:11.2600000+02:00" endTime="2021-06-10T21:14:11.2660000+02:00" testType="13cdc9d9-ddb5-4fa4-a97d-d965ccfc6d4b" outcome="Passed" testListId="8c84fa94-04c1-424b-9868-57a2d4851a1d">
      <Output>
      </Output>
    </UnitTestResult>
    <UnitTestResult executionId="05b70a83-894f-43cf-80b5-76bf839d744c" testId="19dab8ac-d837-b5f3-eaaa-777f86efc55b" testName="TestPolygonToString" computerName="MSSQLSERVER46" duration="00:00:00.0020010" startTime="2021-06-10T21:14:11.2680000+02:00" endTime="2021-06-10T21:14:11.2730000+02:00" testType="13cdc9d9-ddb5-4fa4-a97d-d965ccfc6d4b" outcome="Passed" testListId="8c84fa94-04c1-424b-9868-57a2d4851a1d">
      <Output>
      </Output>
    </UnitTestResult>
    <UnitTestResult executionId="8b96816c-26d7-40c5-8655-a20c4435b592" testId="492bf524-eb88-44a9-de43-c3705420aaec" testName="TestPointTryToInsertStringPoint" computerName="MSSQLSERVER46" duration="00:00:00.0017308" startTime="2021-06-10T21:14:11.2750000+02:00" endTime="2021-06-10T21:14:11.2840000+02:00" testType="13cdc9d9-ddb5-4fa4-a97d-d965ccfc6d4b" outcome="Passed" testListId="8c84fa94-04c1-424b-9868-57a2d4851a1d">
      <Output>
        <StdOut>Test passed
A .NET Framework error occurred during execution of user-defined routine or aggregate "Point": 
System.FormatException: Nieprawidłowy format ciągu wejściowego.
System.FormatException: 
   w System.Number.StringToNumber(String str, NumberStyles options, NumberBuffer&amp; number, NumberFormatInfo info, Boolean parseDecimal)
   w System.Number.ParseInt32(String s, NumberStyles style, NumberFormatInfo info)
   w System.Int32.Parse(String s)
   w Point.Parse(SqlString s)
.
The statement has been terminated.</StdOut>
      </Output>
    </UnitTestResult>
    <UnitTestResult executionId="800fb28f-2806-4805-bfd5-25e8a87c6fac" testId="5a6ad1c4-6a93-c6bb-f18e-1cd266c6467a" testName="TestPointDistance" computerName="MSSQLSERVER46" duration="00:00:00.0026089" startTime="2021-06-10T21:14:11.2880000+02:00" endTime="2021-06-10T21:14:11.2930000+02:00" testType="13cdc9d9-ddb5-4fa4-a97d-d965ccfc6d4b" outcome="Passed" testListId="8c84fa94-04c1-424b-9868-57a2d4851a1d">
      <Output>
      </Output>
    </UnitTestResult>
    <UnitTestResult executionId="a370886a-1d6c-4497-a80c-0bf5f2b629b2" testId="67cee95c-50d6-de19-7487-8089975b014f" testName="TestPointTryToInsertDoublePoint" computerName="MSSQLSERVER46" duration="00:00:00.0018049" startTime="2021-06-10T21:14:11.2950000+02:00" endTime="2021-06-10T21:14:11.3000000+02:00" testType="13cdc9d9-ddb5-4fa4-a97d-d965ccfc6d4b" outcome="Passed" testListId="8c84fa94-04c1-424b-9868-57a2d4851a1d">
      <Output>
        <StdOut>Test passed
A .NET Framework error occurred during execution of user-defined routine or aggregate "Point": 
System.FormatException: Nieprawidłowy format ciągu wejściowego.
System.FormatException: 
   w System.Number.StringToNumber(String str, NumberStyles options, NumberBuffer&amp; number, NumberFormatInfo info, Boolean parseDecimal)
   w System.Number.ParseInt32(String s, NumberStyles style, NumberFormatInfo info)
   w System.Int32.Parse(String s)
   w Point.Parse(SqlString s)
.
The statement has been terminated.</StdOut>
      </Output>
    </UnitTestResult>
    <UnitTestResult executionId="fef29dbc-0302-48f6-bb4f-5b68f9544e3a" testId="760de4df-e445-8a2e-84e1-755f97088f20" testName="TestPolygonInsertDoublePoint" computerName="MSSQLSERVER46" duration="00:00:00.0017977" startTime="2021-06-10T21:14:11.3020000+02:00" endTime="2021-06-10T21:14:11.3070000+02:00" testType="13cdc9d9-ddb5-4fa4-a97d-d965ccfc6d4b" outcome="Passed" testListId="8c84fa94-04c1-424b-9868-57a2d4851a1d">
      <Output>
        <StdOut>Test passed
A .NET Framework error occurred during execution of user-defined routine or aggregate "Polygon": 
System.FormatException: Nieprawidłowy format ciągu wejściowego.
System.FormatException: 
   w System.Number.StringToNumber(String str, NumberStyles options, NumberBuffer&amp; number, NumberFormatInfo info, Boolean parseDecimal)
   w System.Number.ParseInt32(String s, NumberStyles style, NumberFormatInfo info)
   w System.Int32.Parse(String s)
   w Polygon.Parse(SqlString s)
.
The statement has been terminated.</StdOut>
      </Output>
    </UnitTestResult>
    <UnitTestResult executionId="61213712-4bd9-48bd-88e4-64dbe64cc971" testId="985ef17e-2711-05ba-d895-400dade4b1c8" testName="TestPolygonPointInsideFalse" computerName="MSSQLSERVER46" duration="00:00:00.0041624" startTime="2021-06-10T21:14:11.3090000+02:00" endTime="2021-06-10T21:14:11.3160000+02:00" testType="13cdc9d9-ddb5-4fa4-a97d-d965ccfc6d4b" outcome="Passed" testListId="8c84fa94-04c1-424b-9868-57a2d4851a1d">
      <Output>
      </Output>
    </UnitTestResult>
    <UnitTestResult executionId="4576ad3e-ac78-424e-8967-2b0f6e48e64c" testId="a67a157d-fb04-f7be-6367-f7f83c362978" testName="TestPointGetX" computerName="MSSQLSERVER46" duration="00:00:00.0019485" startTime="2021-06-10T21:14:11.3180000+02:00" endTime="2021-06-10T21:14:11.3230000+02:00" testType="13cdc9d9-ddb5-4fa4-a97d-d965ccfc6d4b" outcome="Passed" testListId="8c84fa94-04c1-424b-9868-57a2d4851a1d">
      <Output>
      </Output>
    </UnitTestResult>
    <UnitTestResult executionId="43109aae-bd32-4201-96b1-39aa8c4f12ed" testId="c81ffe68-d7b5-35bb-3053-11d521eebbcd" testName="TestPolygonInsertWithEqualVertices" computerName="MSSQLSERVER46" duration="00:00:00.0017138" startTime="2021-06-10T21:14:11.3250000+02:00" endTime="2021-06-10T21:14:11.3290000+02:00" testType="13cdc9d9-ddb5-4fa4-a97d-d965ccfc6d4b" outcome="Passed" testListId="8c84fa94-04c1-424b-9868-57a2d4851a1d">
      <Output>
        <StdOut>Test passed
A .NET Framework error occurred during execution of user-defined routine or aggregate "Polygon": 
System.ArgumentException: Invalid Polygon. Some vertices are equal.
System.ArgumentException: 
   w Polygon.Parse(SqlString s)
.
The statement has been terminated.</StdOut>
      </Output>
    </UnitTestResult>
    <UnitTestResult executionId="8106a75e-1fdc-4950-97fb-5c2c42d7f745" testId="dd4ae2ec-a044-751d-9d5f-cfcd08988655" testName="TestPointToString" computerName="MSSQLSERVER46" duration="00:00:00.0020357" startTime="2021-06-10T21:14:11.3320000+02:00" endTime="2021-06-10T21:14:11.3370000+02:00" testType="13cdc9d9-ddb5-4fa4-a97d-d965ccfc6d4b" outcome="Passed" testListId="8c84fa94-04c1-424b-9868-57a2d4851a1d">
      <Output>
      </Output>
    </UnitTestResult>
    <UnitTestResult executionId="5eaa7a24-f034-43c3-808c-12e381b3afbf" testId="de6c7280-5b6d-7a64-dac2-7af45f52d9fc" testName="TestPointGetY" computerName="MSSQLSERVER46" duration="00:00:00.0019575" startTime="2021-06-10T21:14:11.3390000+02:00" endTime="2021-06-10T21:14:11.3440000+02:00" testType="13cdc9d9-ddb5-4fa4-a97d-d965ccfc6d4b" outcome="Passed" testListId="8c84fa94-04c1-424b-9868-57a2d4851a1d">
      <Output>
      </Output>
    </UnitTestResult>
    <UnitTestResult executionId="9ef7c65f-2cb7-48d7-9b07-bc80a79dd357" testId="de7815c9-23a5-53d2-144e-23053161a53b" testName="TestPolygonPointInsideTrue" computerName="MSSQLSERVER46" duration="00:00:00.0036573" startTime="2021-06-10T21:14:11.3470000+02:00" endTime="2021-06-10T21:14:11.3530000+02:00" testType="13cdc9d9-ddb5-4fa4-a97d-d965ccfc6d4b" outcome="Passed" testListId="8c84fa94-04c1-424b-9868-57a2d4851a1d">
      <Output>
      </Output>
    </UnitTestResult>
    <UnitTestResult executionId="f825fb97-a9a3-4e2b-9127-8a5b0a089b1b" testId="e068bd32-5e90-bcfe-0b66-5a8ccc74d2c8" testName="TestPolygonInsertTrue" computerName="MSSQLSERVER46" duration="00:00:00.0017102" startTime="2021-06-10T21:14:11.3560000+02:00" endTime="2021-06-10T21:14:11.3600000+02:00" testType="13cdc9d9-ddb5-4fa4-a97d-d965ccfc6d4b" outcome="Passed" testListId="8c84fa94-04c1-424b-9868-57a2d4851a1d">
      <Output>
      </Output>
    </UnitTestResult>
    <UnitTestResult executionId="ac605e9e-4e26-4a8e-8970-4036596505ac" testId="eec8da20-ca2f-7b37-3119-b7b0733c0ee0" testName="TestPolygonInsertStringPoint" computerName="MSSQLSERVER46" duration="00:00:00.0019244" startTime="2021-06-10T21:14:11.3630000+02:00" endTime="2021-06-10T21:14:11.3670000+02:00" testType="13cdc9d9-ddb5-4fa4-a97d-d965ccfc6d4b" outcome="Passed" testListId="8c84fa94-04c1-424b-9868-57a2d4851a1d">
      <Output>
        <StdOut>Test passed
A .NET Framework error occurred during execution of user-defined routine or aggregate "Polygon": 
System.FormatException: Nieprawidłowy format ciągu wejściowego.
System.FormatException: 
   w System.Number.StringToNumber(String str, NumberStyles options, NumberBuffer&amp; number, NumberFormatInfo info, Boolean parseDecimal)
   w System.Number.ParseInt32(String s, NumberStyles style, NumberFormatInfo info)
   w System.Int32.Parse(String s)
   w Polygon.Parse(SqlString s)
.
The statement has been terminated.</StdOut>
      </Output>
    </UnitTestResult>
  </Results>
</TestRun>